Using pre-set license
Built from '2020.3/staging' branch; Version is '2020.3.13f1 (71691879b7f5) revision 7432472'; Using compiler version '192528614'; Build Type 'Release'
OS: 'Windows 10 Pro; OS build 19044.1706; Version 2009; 64bit' Language: 'en' Physical Memory: 8123 MB
BatchMode: 1, IsHumanControllingUs: 0, StartBugReporterOnCrash: 0, Is64bit: 1, IsPro: 0

 COMMAND LINE ARGUMENTS:
C:\Program Files\Unity\Hub\Editor\2020.3.13f1\Editor\Unity.exe
-adb2
-batchMode
-noUpm
-name
AssetImportWorker0
-projectPath
D:/UnityProjects/UnityTutorial_CreatorKitFPS
-logFile
Logs/AssetImportWorker0.log
-srvPort
54327
Successfully changed project path to: D:/UnityProjects/UnityTutorial_CreatorKitFPS
D:/UnityProjects/UnityTutorial_CreatorKitFPS
Using Asset Import Pipeline V2.
Refreshing native plugins compatible for Editor in 41.41 ms, found 2 plugins.
Preloading 0 native plugins for Editor in 0.00 ms.
Initialize engine version: 2020.3.13f1 (71691879b7f5)
[Subsystems] Discovering subsystems at path C:/Program Files/Unity/Hub/Editor/2020.3.13f1/Editor/Data/Resources/UnitySubsystems
[Subsystems] Discovering subsystems at path D:/UnityProjects/UnityTutorial_CreatorKitFPS/Assets
GfxDevice: creating device client; threaded=0
Direct3D:
    Version:  Direct3D 11.0 [level 11.1]
    Renderer: NVIDIA GeForce RTX 2070 (ID=0x1f02)
    Vendor:   
    VRAM:     8031 MB
    Driver:   27.21.14.5751
Initialize mono
Mono path[0] = 'C:/Program Files/Unity/Hub/Editor/2020.3.13f1/Editor/Data/Managed'
Mono path[1] = 'C:/Program Files/Unity/Hub/Editor/2020.3.13f1/Editor/Data/MonoBleedingEdge/lib/mono/unityjit'
Mono config path = 'C:/Program Files/Unity/Hub/Editor/2020.3.13f1/Editor/Data/MonoBleedingEdge/etc'
Using monoOptions --debugger-agent=transport=dt_socket,embedding=1,server=y,suspend=n,address=127.0.0.1:56916
Begin MonoManager ReloadAssembly
Registering precompiled unity dll's ...
Register platform support module: C:/Program Files/Unity/Hub/Editor/2020.3.13f1/Editor/Data/PlaybackEngines/WindowsStandaloneSupport/UnityEditor.WindowsStandalone.Extensions.dll
Registered in 0.001902 seconds.
Native extension for WindowsStandalone target not found
Refreshing native plugins compatible for Editor in 35.48 ms, found 2 plugins.
Preloading 0 native plugins for Editor in 0.00 ms.
Mono: successfully reloaded assembly
- Completed reload, in  0.947 seconds
Platform modules already initialized, skipping
Registering precompiled user dll's ...
Registered in 0.003174 seconds.
Begin MonoManager ReloadAssembly
Native extension for WindowsStandalone target not found
Refreshing native plugins compatible for Editor in 0.52 ms, found 2 plugins.
Preloading 0 native plugins for Editor in 0.00 ms.
Mono: successfully reloaded assembly
- Completed reload, in  0.878 seconds
Platform modules already initialized, skipping
========================================================================
Worker process is ready to serve import requests
Launched and connected shader compiler UnityShaderCompiler.exe after 0.04 seconds
Refreshing native plugins compatible for Editor in 0.52 ms, found 2 plugins.
Preloading 0 native plugins for Editor in 0.00 ms.
Unloading 1866 Unused Serialized files (Serialized files now loaded: 0)
System memory in use before: 160.3 MB.
System memory in use after: 160.4 MB.

Unloading 42 unused Assets to reduce memory usage. Loaded Objects now: 2295.
Total: 2.107100 ms (FindLiveObjects: 0.175900 ms CreateObjectMapping: 0.078100 ms MarkObjects: 1.763300 ms  DeleteObjects: 0.088800 ms)

AssetImportParameters requested are different than current active one (requested -> active):
  custom:framework-win-MediaFoundation: 216162199b28c13a410421893ffa2e32 -> 
  custom:video-decoder-ogg-theora: a1e56fd34408186e4bbccfd4996cb3dc -> 
  custom:container-muxer-webm: aa71ff27fc2769a1b78a27578f13a17b -> 
  custom:container-demuxer-webm: 4f35f7cbe854078d1ac9338744f61a02 -> 
  custom:container-demuxer-ogg: 62fdf1f143b41e24485cea50d1cbac27 -> 
  custom:video-encoder-webm-vp8: eb34c28f22e8b96e1ab97ce403110664 -> 
  custom:video-decoder-webm-vp8: 9c59270c3fd7afecdb556c50c9e8de78 -> 
  custom:audio-decoder-ogg-vorbis: bf7c407c2cedff20999df2af8eb42d56 -> 
  custom:audio-encoder-webm-vorbis: bf7c407c2cedff20999df2af8eb42d56 -> 
========================================================================
Received Import Request.
  path: Assets/Creator Kit - FPS/Art/Models/Characters/GermSlime.FBX
  artifactKey: Guid(a148bf2bf5d309646bda1b56264c815e) Importer(815301076,1909f56bfc062723c751e8b465ee728b)
Start importing Assets/Creator Kit - FPS/Art/Models/Characters/GermSlime.FBX using Guid(a148bf2bf5d309646bda1b56264c815e) Importer(815301076,1909f56bfc062723c751e8b465ee728b)  -> (artifact id: '63b5dc5bac25f38327f7d563fea9ac01') in 0.270261 seconds 
  Import took 0.289291 seconds .

========================================================================
Received Import Request.
  Time since last request: 0.000248 seconds.
  path: Assets/Creator Kit - FPS/Art/Models/Characters/GermSpike.prefab
  artifactKey: Guid(dddeda6d0629a09438dbf97ce84d81fd) Importer(815301076,1909f56bfc062723c751e8b465ee728b)
Start importing Assets/Creator Kit - FPS/Art/Models/Characters/GermSpike.prefab using Guid(dddeda6d0629a09438dbf97ce84d81fd) Importer(815301076,1909f56bfc062723c751e8b465ee728b)  -> (artifact id: 'f92db3c44688895e25e9edbbcae0ef27') in 0.052553 seconds 
  Import took 0.055695 seconds .

========================================================================
Received Import Request.
  Time since last request: 0.000258 seconds.
  path: Assets/Creator Kit - FPS/Art/Models/Characters/BloodCell.FBX
  artifactKey: Guid(8226672356b74174cbe023b9736222f5) Importer(815301076,1909f56bfc062723c751e8b465ee728b)
Start importing Assets/Creator Kit - FPS/Art/Models/Characters/BloodCell.FBX using Guid(8226672356b74174cbe023b9736222f5) Importer(815301076,1909f56bfc062723c751e8b465ee728b)  -> (artifact id: '0bd1aaebe8f3d966e855dc697ea09d60') in 0.019550 seconds 
  Import took 0.023187 seconds .

========================================================================
Received Import Request.
  Time since last request: 0.000262 seconds.
  path: Assets/Creator Kit - FPS/Art/Models/Arms/Arms.fbx
  artifactKey: Guid(6da17b6fc3392da4e825d247643b1afe) Importer(815301076,1909f56bfc062723c751e8b465ee728b)
Start importing Assets/Creator Kit - FPS/Art/Models/Arms/Arms.fbx using Guid(6da17b6fc3392da4e825d247643b1afe) Importer(815301076,1909f56bfc062723c751e8b465ee728b)  -> (artifact id: 'a95e4ae997c79e11635f1fd047acf7b2') in 0.109907 seconds 
  Import took 0.113616 seconds .

========================================================================
Received Import Request.
  Time since last request: 0.000244 seconds.
  path: Assets/Creator Kit - FPS/Art/Models/Characters/BloodCell.FBX
  artifactKey: Guid(8226672356b74174cbe023b9736222f5) Importer(815301076,1909f56bfc062723c751e8b465ee728b)
Start importing Assets/Creator Kit - FPS/Art/Models/Characters/BloodCell.FBX using Guid(8226672356b74174cbe023b9736222f5) Importer(815301076,1909f56bfc062723c751e8b465ee728b)  -> (artifact id: '0bd1aaebe8f3d966e855dc697ea09d60') in 0.017955 seconds 
  Import took 0.020821 seconds .

========================================================================
Received Import Request.
  Time since last request: 0.000251 seconds.
  path: Assets/Creator Kit - FPS/Art/Models/Characters/GermSpikeModel.FBX
  artifactKey: Guid(6fd3b5c2df6073f4ea432cc9086b6f00) Importer(815301076,1909f56bfc062723c751e8b465ee728b)
Start importing Assets/Creator Kit - FPS/Art/Models/Characters/GermSpikeModel.FBX using Guid(6fd3b5c2df6073f4ea432cc9086b6f00) Importer(815301076,1909f56bfc062723c751e8b465ee728b)  -> (artifact id: '9b48ee3e313103fcddbb053eb4adf360') in 0.023623 seconds 
  Import took 0.026974 seconds .

========================================================================
Received Prepare
Registering precompiled user dll's ...
Registered in 0.003090 seconds.
Begin MonoManager ReloadAssembly
Native extension for WindowsStandalone target not found
Refreshing native plugins compatible for Editor in 0.52 ms, found 2 plugins.
Preloading 0 native plugins for Editor in 0.00 ms.
Mono: successfully reloaded assembly
- Completed reload, in  0.816 seconds
Platform modules already initialized, skipping
Refreshing native plugins compatible for Editor in 0.51 ms, found 2 plugins.
Preloading 0 native plugins for Editor in 0.00 ms.
Unloading 1824 Unused Serialized files (Serialized files now loaded: 0)
System memory in use before: 173.5 MB.
System memory in use after: 173.6 MB.

Unloading 33 unused Assets to reduce memory usage. Loaded Objects now: 2309.
Total: 1.907100 ms (FindLiveObjects: 0.153200 ms CreateObjectMapping: 0.048800 ms MarkObjects: 1.683000 ms  DeleteObjects: 0.021200 ms)

AssetImportParameters requested are different than current active one (requested -> active):
  custom:framework-win-MediaFoundation: 216162199b28c13a410421893ffa2e32 -> 
  custom:video-decoder-ogg-theora: a1e56fd34408186e4bbccfd4996cb3dc -> 
  custom:container-muxer-webm: aa71ff27fc2769a1b78a27578f13a17b -> 
  custom:container-demuxer-webm: 4f35f7cbe854078d1ac9338744f61a02 -> 
  custom:container-demuxer-ogg: 62fdf1f143b41e24485cea50d1cbac27 -> 
  custom:video-encoder-webm-vp8: eb34c28f22e8b96e1ab97ce403110664 -> 
  custom:video-decoder-webm-vp8: 9c59270c3fd7afecdb556c50c9e8de78 -> 
  custom:audio-decoder-ogg-vorbis: bf7c407c2cedff20999df2af8eb42d56 -> 
  custom:audio-encoder-webm-vorbis: bf7c407c2cedff20999df2af8eb42d56 -> 
========================================================================
Received Import Request.
  Time since last request: 1384.843826 seconds.
  path: Assets/Creator Kit - FPS/Art/Prefabs/ImpactEffect/ImpactParticle.prefab
  artifactKey: Guid(bb4e6b12de56c2a4f8db55c47797b43c) Importer(815301076,1909f56bfc062723c751e8b465ee728b)
Start importing Assets/Creator Kit - FPS/Art/Prefabs/ImpactEffect/ImpactParticle.prefab using Guid(bb4e6b12de56c2a4f8db55c47797b43c) Importer(815301076,1909f56bfc062723c751e8b465ee728b)  -> (artifact id: '299baf8dbf2cc287e43a070133fa8b42') in 0.058328 seconds 
  Import took 0.089736 seconds .

========================================================================
Received Import Request.
  Time since last request: 0.000709 seconds.
  path: Assets/Creator Kit - FPS/Art/Prefabs/Props/Tooth.prefab
  artifactKey: Guid(2947946e8fce6a04e90a006983e11ac0) Importer(815301076,1909f56bfc062723c751e8b465ee728b)
Start importing Assets/Creator Kit - FPS/Art/Prefabs/Props/Tooth.prefab using Guid(2947946e8fce6a04e90a006983e11ac0) Importer(815301076,1909f56bfc062723c751e8b465ee728b)  -> (artifact id: 'c8caf0557c7664468adbde4db4f841e9') in 0.242578 seconds 
  Import took 0.260607 seconds .

========================================================================
Received Import Request.
  Time since last request: 0.000254 seconds.
  path: Assets/Creator Kit - FPS/Art/Prefabs/Props/VeinLargeA.prefab
  artifactKey: Guid(f8c74211d2b839f4fb26a872aa512b08) Importer(815301076,1909f56bfc062723c751e8b465ee728b)
Start importing Assets/Creator Kit - FPS/Art/Prefabs/Props/VeinLargeA.prefab using Guid(f8c74211d2b839f4fb26a872aa512b08) Importer(815301076,1909f56bfc062723c751e8b465ee728b)  -> (artifact id: '9013a1c0d95950a0230c7c7e3d80556d') in 0.261927 seconds 
  Import took 0.276718 seconds .

========================================================================
Received Import Request.
  Time since last request: 0.000269 seconds.
  path: Assets/Creator Kit - FPS/Art/Prefabs/Props/FatTunnel.prefab
  artifactKey: Guid(0183aeed358847a43b87f203d28ea1e9) Importer(815301076,1909f56bfc062723c751e8b465ee728b)
Start importing Assets/Creator Kit - FPS/Art/Prefabs/Props/FatTunnel.prefab using Guid(0183aeed358847a43b87f203d28ea1e9) Importer(815301076,1909f56bfc062723c751e8b465ee728b)  -> (artifact id: '1d1aa2b6e89700eefba82e01961a7d28') in 0.356906 seconds 
  Import took 0.378926 seconds .

========================================================================
Received Import Request.
  Time since last request: 0.000290 seconds.
  path: Assets/Creator Kit - FPS/Art/Prefabs/VFX/PillExplosion.prefab
  artifactKey: Guid(9bba9cf244c53c5439505dfc96fdd11c) Importer(815301076,1909f56bfc062723c751e8b465ee728b)
Start importing Assets/Creator Kit - FPS/Art/Prefabs/VFX/PillExplosion.prefab using Guid(9bba9cf244c53c5439505dfc96fdd11c) Importer(815301076,1909f56bfc062723c751e8b465ee728b)  -> (artifact id: 'b8521837f2ea10cfc6ce6663fed8e846') in 0.027356 seconds 
  Import took 0.030759 seconds .

========================================================================
Received Import Request.
  Time since last request: 0.000253 seconds.
  path: Assets/Creator Kit - FPS/Art/Prefabs/VFX/LightParticlesCorridors.prefab
  artifactKey: Guid(5e8bfac0a1d67dd408d216db93d536c9) Importer(815301076,1909f56bfc062723c751e8b465ee728b)
Start importing Assets/Creator Kit - FPS/Art/Prefabs/VFX/LightParticlesCorridors.prefab using Guid(5e8bfac0a1d67dd408d216db93d536c9) Importer(815301076,1909f56bfc062723c751e8b465ee728b)  -> (artifact id: 'cf1acf50e0f75ea6835dd0377c14b9d9') in 0.006564 seconds 
  Import took 0.020378 seconds .

========================================================================
Received Import Request.
  Time since last request: 0.000274 seconds.
  path: Assets/Creator Kit - FPS/Art/Prefabs/Props/Vein4.prefab
  artifactKey: Guid(ab218c60cbf80d148adfc67bbf9e245a) Importer(815301076,1909f56bfc062723c751e8b465ee728b)
Start importing Assets/Creator Kit - FPS/Art/Prefabs/Props/Vein4.prefab using Guid(ab218c60cbf80d148adfc67bbf9e245a) Importer(815301076,1909f56bfc062723c751e8b465ee728b)  -> (artifact id: 'afa53788149eebc853423cecd772d20a') in 0.056707 seconds 
  Import took 0.060045 seconds .

========================================================================
Received Import Request.
  Time since last request: 0.000231 seconds.
  path: Assets/Creator Kit - FPS/Art/Prefabs/Props/Bones.prefab
  artifactKey: Guid(3b0426c8d5c1d7c44a389b960164eb6e) Importer(815301076,1909f56bfc062723c751e8b465ee728b)
Start importing Assets/Creator Kit - FPS/Art/Prefabs/Props/Bones.prefab using Guid(3b0426c8d5c1d7c44a389b960164eb6e) Importer(815301076,1909f56bfc062723c751e8b465ee728b)  -> (artifact id: '90d5b9319e8e6b689f0c75d6f9c33da9') in 0.005818 seconds 
  Import took 0.019054 seconds .

========================================================================
Received Import Request.
  Time since last request: 0.000240 seconds.
  path: Assets/Creator Kit - FPS/Art/Prefabs/Props/VeinLargeB.prefab
  artifactKey: Guid(7b65f713d4ec1fc4e9f3d5d1c5be2108) Importer(815301076,1909f56bfc062723c751e8b465ee728b)
Start importing Assets/Creator Kit - FPS/Art/Prefabs/Props/VeinLargeB.prefab using Guid(7b65f713d4ec1fc4e9f3d5d1c5be2108) Importer(815301076,1909f56bfc062723c751e8b465ee728b)  -> (artifact id: 'eacbd6a6a19287adb8a4c69fd1d3b6d0') in 0.051538 seconds 
  Import took 0.054703 seconds .

========================================================================
Received Import Request.
  Time since last request: 0.000236 seconds.
  path: Assets/Creator Kit - FPS/Art/Prefabs/Props/Bone02.prefab
  artifactKey: Guid(ec691380843541646a7f18b7c7384272) Importer(815301076,1909f56bfc062723c751e8b465ee728b)
Start importing Assets/Creator Kit - FPS/Art/Prefabs/Props/Bone02.prefab using Guid(ec691380843541646a7f18b7c7384272) Importer(815301076,1909f56bfc062723c751e8b465ee728b)  -> (artifact id: '46327ed60b02c8a701eba9fb1122d17a') in 0.198279 seconds 
  Import took 0.202758 seconds .

========================================================================
Received Import Request.
  Time since last request: 0.000476 seconds.
  path: Assets/Creator Kit - FPS/Art/Prefabs/Props/Bone03.prefab
  artifactKey: Guid(43f3430572c0c054cb1c4482c24f5e9f) Importer(815301076,1909f56bfc062723c751e8b465ee728b)
Start importing Assets/Creator Kit - FPS/Art/Prefabs/Props/Bone03.prefab using Guid(43f3430572c0c054cb1c4482c24f5e9f) Importer(815301076,1909f56bfc062723c751e8b465ee728b)  -> (artifact id: 'd41b9d96f58fa2f4cfcab7bb4d6c9f3e') in 0.045154 seconds 
  Import took 0.049848 seconds .

========================================================================
Received Import Request.
  Time since last request: 0.000255 seconds.
  path: Assets/Creator Kit - FPS/Art/Prefabs/Props/FatSide.prefab
  artifactKey: Guid(f3da781dc3ddae64d8fc4610e2085564) Importer(815301076,1909f56bfc062723c751e8b465ee728b)
Start importing Assets/Creator Kit - FPS/Art/Prefabs/Props/FatSide.prefab using Guid(f3da781dc3ddae64d8fc4610e2085564) Importer(815301076,1909f56bfc062723c751e8b465ee728b)  -> (artifact id: '69b6f50747ab5e28598378eef1991f77') in 0.046464 seconds 
  Import took 0.054517 seconds .

========================================================================
Received Import Request.
  Time since last request: 0.000276 seconds.
  path: Assets/Creator Kit - FPS/Art/Prefabs/Props/Vein2.prefab
  artifactKey: Guid(3103a4bb94f6af24dbd859133ea1d799) Importer(815301076,1909f56bfc062723c751e8b465ee728b)
Start importing Assets/Creator Kit - FPS/Art/Prefabs/Props/Vein2.prefab using Guid(3103a4bb94f6af24dbd859133ea1d799) Importer(815301076,1909f56bfc062723c751e8b465ee728b)  -> (artifact id: 'ae31a768d51d403d49ba7686eab7bb71') in 0.051560 seconds 
  Import took 0.064903 seconds .

========================================================================
Received Import Request.
  Time since last request: 0.000253 seconds.
  path: Assets/Creator Kit - FPS/Art/Prefabs/Props/VeinLargeD.prefab
  artifactKey: Guid(5ac4102516b6d024393bec334e86412a) Importer(815301076,1909f56bfc062723c751e8b465ee728b)
Start importing Assets/Creator Kit - FPS/Art/Prefabs/Props/VeinLargeD.prefab using Guid(5ac4102516b6d024393bec334e86412a) Importer(815301076,1909f56bfc062723c751e8b465ee728b)  -> (artifact id: 'cf060c3181806e57e40887fef36272ac') in 0.041966 seconds 
  Import took 0.044665 seconds .

========================================================================
Received Import Request.
  Time since last request: 0.000261 seconds.
  path: Assets/Creator Kit - FPS/Art/Prefabs/Props/ToothMolar2.prefab
  artifactKey: Guid(4502ea73c64fc234dba9db5ece178cb2) Importer(815301076,1909f56bfc062723c751e8b465ee728b)
Start importing Assets/Creator Kit - FPS/Art/Prefabs/Props/ToothMolar2.prefab using Guid(4502ea73c64fc234dba9db5ece178cb2) Importer(815301076,1909f56bfc062723c751e8b465ee728b)  -> (artifact id: '4a142c1ca1fb0f5d86be7b715ede5d50') in 0.039032 seconds 
  Import took 0.053816 seconds .

========================================================================
Received Import Request.
  Time since last request: 0.000248 seconds.
  path: Assets/Creator Kit - FPS/Art/Prefabs/Props/Acid.prefab
  artifactKey: Guid(64b1837b1cd40d541944cde538b260fe) Importer(815301076,1909f56bfc062723c751e8b465ee728b)
Start importing Assets/Creator Kit - FPS/Art/Prefabs/Props/Acid.prefab using Guid(64b1837b1cd40d541944cde538b260fe) Importer(815301076,1909f56bfc062723c751e8b465ee728b)  -> (artifact id: 'ec6a2dbd6cdeeb97557e90c82007289a') in 0.190077 seconds 
  Import took 0.193338 seconds .

========================================================================
Received Import Request.
  Time since last request: 0.000263 seconds.
  path: Assets/Creator Kit - FPS/Art/Prefabs/VFX/Trail.prefab
  artifactKey: Guid(bc513dca9b359aa49aac8365c74ad13d) Importer(815301076,1909f56bfc062723c751e8b465ee728b)
Start importing Assets/Creator Kit - FPS/Art/Prefabs/VFX/Trail.prefab using Guid(bc513dca9b359aa49aac8365c74ad13d) Importer(815301076,1909f56bfc062723c751e8b465ee728b)  -> (artifact id: 'f380e89fe322346b1b89ffe602034e12') in 0.005738 seconds 
  Import took 0.008539 seconds .

========================================================================
Received Import Request.
  Time since last request: 0.000267 seconds.
  path: Assets/Creator Kit - FPS/Art/Prefabs/Props/ToothMolar3.prefab
  artifactKey: Guid(79f715a7254260f4cb263c5b6a1a9c3c) Importer(815301076,1909f56bfc062723c751e8b465ee728b)
Start importing Assets/Creator Kit - FPS/Art/Prefabs/Props/ToothMolar3.prefab using Guid(79f715a7254260f4cb263c5b6a1a9c3c) Importer(815301076,1909f56bfc062723c751e8b465ee728b)  -> (artifact id: '1074ded93696c619e65c54d1b58645a9') in 0.047550 seconds 
  Import took 0.063159 seconds .

========================================================================
Received Import Request.
  Time since last request: 0.000260 seconds.
  path: Assets/Creator Kit - FPS/Art/Prefabs/Props/Bone01.prefab
  artifactKey: Guid(8a0509da488e18e41bf5b29cb6422b27) Importer(815301076,1909f56bfc062723c751e8b465ee728b)
Start importing Assets/Creator Kit - FPS/Art/Prefabs/Props/Bone01.prefab using Guid(8a0509da488e18e41bf5b29cb6422b27) Importer(815301076,1909f56bfc062723c751e8b465ee728b)  -> (artifact id: 'bf2a2b9c38c314d747498935038c8565') in 0.038078 seconds 
  Import took 0.040828 seconds .

========================================================================
Received Import Request.
  Time since last request: 0.000267 seconds.
  path: Assets/Creator Kit - FPS/Art/Prefabs/Props/ToothMolar4.prefab
  artifactKey: Guid(d184a8f503c347b4b9e8e5d5f816ef53) Importer(815301076,1909f56bfc062723c751e8b465ee728b)
Start importing Assets/Creator Kit - FPS/Art/Prefabs/Props/ToothMolar4.prefab using Guid(d184a8f503c347b4b9e8e5d5f816ef53) Importer(815301076,1909f56bfc062723c751e8b465ee728b)  -> (artifact id: '5569132cf6952ab26cd156e4714ff5fa') in 0.033176 seconds 
  Import took 0.057298 seconds .

========================================================================
Received Import Request.
  Time since last request: 0.000259 seconds.
  path: Assets/Creator Kit - FPS/Art/Prefabs/Props/ToothMolarGold.prefab
  artifactKey: Guid(da8d4734e4960124d94e80bf3b24e790) Importer(815301076,1909f56bfc062723c751e8b465ee728b)
Start importing Assets/Creator Kit - FPS/Art/Prefabs/Props/ToothMolarGold.prefab using Guid(da8d4734e4960124d94e80bf3b24e790) Importer(815301076,1909f56bfc062723c751e8b465ee728b)  -> (artifact id: '06f3beb115feb07f9335cf572b39d81e') in 0.079710 seconds 
  Import took 0.083275 seconds .

========================================================================
Received Import Request.
  Time since last request: 0.000354 seconds.
  path: Assets/Creator Kit - FPS/Art/Prefabs/VFX/GoopSpray.prefab
  artifactKey: Guid(5656e7ea1f1a75d4c895547ec2b824b3) Importer(815301076,1909f56bfc062723c751e8b465ee728b)
Start importing Assets/Creator Kit - FPS/Art/Prefabs/VFX/GoopSpray.prefab using Guid(5656e7ea1f1a75d4c895547ec2b824b3) Importer(815301076,1909f56bfc062723c751e8b465ee728b)  -> (artifact id: '481f03f6873a4c690406482ba4363688') in 0.008305 seconds 
  Import took 0.012204 seconds .

========================================================================
Received Import Request.
  Time since last request: 0.000278 seconds.
  path: Assets/Creator Kit - FPS/Art/Prefabs/ImpactEffect/ImpactParticleRed.prefab
  artifactKey: Guid(8295112e583865641840c18d2a36dae2) Importer(815301076,1909f56bfc062723c751e8b465ee728b)
Start importing Assets/Creator Kit - FPS/Art/Prefabs/ImpactEffect/ImpactParticleRed.prefab using Guid(8295112e583865641840c18d2a36dae2) Importer(815301076,1909f56bfc062723c751e8b465ee728b)  -> (artifact id: '7e102b288a6487e3ac9c18aad2602d25') in 0.006231 seconds 
  Import took 0.009768 seconds .

========================================================================
Received Import Request.
  Time since last request: 0.000252 seconds.
  path: Assets/Creator Kit - FPS/Art/Prefabs/VFX/DustMotesEffect.prefab
  artifactKey: Guid(6df328a8d22763540b6acb2ca49da47e) Importer(815301076,1909f56bfc062723c751e8b465ee728b)
Start importing Assets/Creator Kit - FPS/Art/Prefabs/VFX/DustMotesEffect.prefab using Guid(6df328a8d22763540b6acb2ca49da47e) Importer(815301076,1909f56bfc062723c751e8b465ee728b)  -> (artifact id: 'fa0b81d223d7cf9ada8a043ede4ec74a') in 0.006008 seconds 
  Import took 0.009706 seconds .

========================================================================
Received Import Request.
  Time since last request: 0.000258 seconds.
  path: Assets/Creator Kit - FPS/Art/Prefabs/Props/Vein3.prefab
  artifactKey: Guid(4dfc99b2e1fca64429dcd00a1e9f1729) Importer(815301076,1909f56bfc062723c751e8b465ee728b)
Start importing Assets/Creator Kit - FPS/Art/Prefabs/Props/Vein3.prefab using Guid(4dfc99b2e1fca64429dcd00a1e9f1729) Importer(815301076,1909f56bfc062723c751e8b465ee728b)  -> (artifact id: '9b55bce4a8eed3a1a7bb94170cb9ceb4') in 0.094371 seconds 
  Import took 0.097266 seconds .

========================================================================
Received Import Request.
  Time since last request: 0.000240 seconds.
  path: Assets/Creator Kit - FPS/Art/Prefabs/Props/FatArch.prefab
  artifactKey: Guid(5f0bee8413a72064599464271763b1b4) Importer(815301076,1909f56bfc062723c751e8b465ee728b)
Start importing Assets/Creator Kit - FPS/Art/Prefabs/Props/FatArch.prefab using Guid(5f0bee8413a72064599464271763b1b4) Importer(815301076,1909f56bfc062723c751e8b465ee728b)  -> (artifact id: 'be3d2c27e53b7d8a1b292fd0b045b770') in 0.043642 seconds 
  Import took 0.046368 seconds .

========================================================================
Received Import Request.
  Time since last request: 0.000224 seconds.
  path: Assets/Creator Kit - FPS/Art/Prefabs/Props/VeinLargeC.prefab
  artifactKey: Guid(6c33ff8de3f090441bf47998eea943b0) Importer(815301076,1909f56bfc062723c751e8b465ee728b)
Start importing Assets/Creator Kit - FPS/Art/Prefabs/Props/VeinLargeC.prefab using Guid(6c33ff8de3f090441bf47998eea943b0) Importer(815301076,1909f56bfc062723c751e8b465ee728b)  -> (artifact id: '46f42323dc802753a5969bb3d22b77c1') in 0.050629 seconds 
  Import took 0.053304 seconds .

========================================================================
Received Import Request.
  Time since last request: 0.000236 seconds.
  path: Assets/Creator Kit - FPS/Art/Prefabs/Props/VeinLargeE.prefab
  artifactKey: Guid(a69f4bad11f421e419b8cb5341767af6) Importer(815301076,1909f56bfc062723c751e8b465ee728b)
Start importing Assets/Creator Kit - FPS/Art/Prefabs/Props/VeinLargeE.prefab using Guid(a69f4bad11f421e419b8cb5341767af6) Importer(815301076,1909f56bfc062723c751e8b465ee728b)  -> (artifact id: '4ac44de30a33fbad8a91a09794e38011') in 0.046997 seconds 
  Import took 0.049633 seconds .

========================================================================
Received Import Request.
  Time since last request: 0.000228 seconds.
  path: Assets/Creator Kit - FPS/Art/Prefabs/Props/Vein1.prefab
  artifactKey: Guid(ad479ad88f34f9047846c99a52d23742) Importer(815301076,1909f56bfc062723c751e8b465ee728b)
Start importing Assets/Creator Kit - FPS/Art/Prefabs/Props/Vein1.prefab using Guid(ad479ad88f34f9047846c99a52d23742) Importer(815301076,1909f56bfc062723c751e8b465ee728b)  -> (artifact id: '954473ec0793c40b5fca4154aedc8480') in 0.079592 seconds 
  Import took 0.082495 seconds .

========================================================================
Received Import Request.
  Time since last request: 0.000246 seconds.
  path: Assets/Creator Kit - FPS/Art/Prefabs/VFX/LightParticles.prefab
  artifactKey: Guid(3f1ddb7022225814aaa00dc7e4ebbfcf) Importer(815301076,1909f56bfc062723c751e8b465ee728b)
Start importing Assets/Creator Kit - FPS/Art/Prefabs/VFX/LightParticles.prefab using Guid(3f1ddb7022225814aaa00dc7e4ebbfcf) Importer(815301076,1909f56bfc062723c751e8b465ee728b)  -> (artifact id: '0c4a7953a86fdc85c9305c2ce36cc22b') in 0.006098 seconds 
  Import took 0.008907 seconds .

========================================================================
Received Import Request.
  Time since last request: 32.627449 seconds.
  path: Assets/Creator Kit - FPS/Prefabs/Targets/GermSpike.prefab
  artifactKey: Guid(611c7a8c6ee52234ca9ea290bda5b1b7) Importer(815301076,1909f56bfc062723c751e8b465ee728b)
Start importing Assets/Creator Kit - FPS/Prefabs/Targets/GermSpike.prefab using Guid(611c7a8c6ee52234ca9ea290bda5b1b7) Importer(815301076,1909f56bfc062723c751e8b465ee728b)  -> (artifact id: 'cc8f50baf54224abae73f59029e1c4fe') in 0.015222 seconds 
  Import took 0.023876 seconds .

========================================================================
Received Import Request.
  Time since last request: 0.011660 seconds.
  path: Assets/Creator Kit - FPS/Prefabs/Targets/GermSpike.prefab
  artifactKey: Guid(611c7a8c6ee52234ca9ea290bda5b1b7) Importer(815301076,1909f56bfc062723c751e8b465ee728b)
Start importing Assets/Creator Kit - FPS/Prefabs/Targets/GermSpike.prefab using Guid(611c7a8c6ee52234ca9ea290bda5b1b7) Importer(815301076,1909f56bfc062723c751e8b465ee728b)  -> (artifact id: 'cc8f50baf54224abae73f59029e1c4fe') in 0.010701 seconds 
  Import took 0.013895 seconds .

========================================================================
Received Prepare
Registering precompiled user dll's ...
Registered in 0.003440 seconds.
Begin MonoManager ReloadAssembly
Native extension for WindowsStandalone target not found
Refreshing native plugins compatible for Editor in 0.51 ms, found 2 plugins.
Preloading 0 native plugins for Editor in 0.00 ms.
Mono: successfully reloaded assembly
- Completed reload, in  0.948 seconds
Platform modules already initialized, skipping
Refreshing native plugins compatible for Editor in 0.61 ms, found 2 plugins.
Preloading 0 native plugins for Editor in 0.00 ms.
Unloading 1824 Unused Serialized files (Serialized files now loaded: 0)
System memory in use before: 173.9 MB.
System memory in use after: 174.1 MB.

Unloading 33 unused Assets to reduce memory usage. Loaded Objects now: 2316.
Total: 2.174000 ms (FindLiveObjects: 0.205600 ms CreateObjectMapping: 0.064900 ms MarkObjects: 1.874100 ms  DeleteObjects: 0.028200 ms)

AssetImportParameters requested are different than current active one (requested -> active):
  custom:framework-win-MediaFoundation: 216162199b28c13a410421893ffa2e32 -> 
  custom:video-decoder-ogg-theora: a1e56fd34408186e4bbccfd4996cb3dc -> 
  custom:container-muxer-webm: aa71ff27fc2769a1b78a27578f13a17b -> 
  custom:container-demuxer-webm: 4f35f7cbe854078d1ac9338744f61a02 -> 
  custom:container-demuxer-ogg: 62fdf1f143b41e24485cea50d1cbac27 -> 
  custom:video-encoder-webm-vp8: eb34c28f22e8b96e1ab97ce403110664 -> 
  custom:video-decoder-webm-vp8: 9c59270c3fd7afecdb556c50c9e8de78 -> 
  custom:audio-decoder-ogg-vorbis: bf7c407c2cedff20999df2af8eb42d56 -> 
  custom:audio-encoder-webm-vorbis: bf7c407c2cedff20999df2af8eb42d56 -> 
========================================================================
Received Import Request.
  Time since last request: 4397.081529 seconds.
  path: Assets/Creator Kit - FPS/Prefabs/Weapons/GermOBlaster 1.prefab
  artifactKey: Guid(5aa396219b9b82e4e9298cb3f35b23e9) Importer(815301076,1909f56bfc062723c751e8b465ee728b)
Start importing Assets/Creator Kit - FPS/Prefabs/Weapons/GermOBlaster 1.prefab using Guid(5aa396219b9b82e4e9298cb3f35b23e9) Importer(815301076,1909f56bfc062723c751e8b465ee728b)  -> (artifact id: '6bf998d4f03208cc15eb8f66c28e0c76') in 0.125892 seconds 
  Import took 0.144978 seconds .

========================================================================
Received Import Request.
  Time since last request: 38.771061 seconds.
  path: Assets/Creator Kit - FPS/Prefabs/Weapons/TheGun.prefab
  artifactKey: Guid(5aa396219b9b82e4e9298cb3f35b23e9) Importer(815301076,1909f56bfc062723c751e8b465ee728b)
Start importing Assets/Creator Kit - FPS/Prefabs/Weapons/TheGun.prefab using Guid(5aa396219b9b82e4e9298cb3f35b23e9) Importer(815301076,1909f56bfc062723c751e8b465ee728b)  -> (artifact id: 'eee4abbd0d52833daf8e253efac91478') in 0.044300 seconds 
  Import took 0.063790 seconds .

========================================================================
Received Prepare
Registering precompiled user dll's ...
Registered in 0.003041 seconds.
Begin MonoManager ReloadAssembly
Native extension for WindowsStandalone target not found
Refreshing native plugins compatible for Editor in 0.53 ms, found 2 plugins.
Preloading 0 native plugins for Editor in 0.00 ms.
Mono: successfully reloaded assembly
- Completed reload, in  0.808 seconds
Platform modules already initialized, skipping
Refreshing native plugins compatible for Editor in 0.53 ms, found 2 plugins.
Preloading 0 native plugins for Editor in 0.00 ms.
Unloading 1824 Unused Serialized files (Serialized files now loaded: 0)
System memory in use before: 174.0 MB.
System memory in use after: 174.1 MB.

Unloading 33 unused Assets to reduce memory usage. Loaded Objects now: 2320.
Total: 1.960600 ms (FindLiveObjects: 0.150700 ms CreateObjectMapping: 0.055600 ms MarkObjects: 1.734400 ms  DeleteObjects: 0.019000 ms)

AssetImportParameters requested are different than current active one (requested -> active):
  custom:framework-win-MediaFoundation: 216162199b28c13a410421893ffa2e32 -> 
  custom:video-decoder-ogg-theora: a1e56fd34408186e4bbccfd4996cb3dc -> 
  custom:container-muxer-webm: aa71ff27fc2769a1b78a27578f13a17b -> 
  custom:container-demuxer-webm: 4f35f7cbe854078d1ac9338744f61a02 -> 
  custom:container-demuxer-ogg: 62fdf1f143b41e24485cea50d1cbac27 -> 
  custom:video-encoder-webm-vp8: eb34c28f22e8b96e1ab97ce403110664 -> 
  custom:video-decoder-webm-vp8: 9c59270c3fd7afecdb556c50c9e8de78 -> 
  custom:audio-decoder-ogg-vorbis: bf7c407c2cedff20999df2af8eb42d56 -> 
  custom:audio-encoder-webm-vorbis: bf7c407c2cedff20999df2af8eb42d56 -> 
========================================================================
Received Import Request.
  Time since last request: 240.613744 seconds.
  path: Assets/Creator Kit - FPS/Prefabs/Weapons/TheGun.prefab
  artifactKey: Guid(5aa396219b9b82e4e9298cb3f35b23e9) Importer(815301076,1909f56bfc062723c751e8b465ee728b)
Start importing Assets/Creator Kit - FPS/Prefabs/Weapons/TheGun.prefab using Guid(5aa396219b9b82e4e9298cb3f35b23e9) Importer(815301076,1909f56bfc062723c751e8b465ee728b)  -> (artifact id: 'a6a5d7ced863b3c9cbd0544cd3ca4ef8') in 0.085063 seconds 
  Import took 0.107180 seconds .

========================================================================
Received Import Request.
  Time since last request: 35.396805 seconds.
  path: Assets/Creator Kit - FPS/Prefabs/Weapons/TheGun.prefab
  artifactKey: Guid(5aa396219b9b82e4e9298cb3f35b23e9) Importer(815301076,1909f56bfc062723c751e8b465ee728b)
Start importing Assets/Creator Kit - FPS/Prefabs/Weapons/TheGun.prefab using Guid(5aa396219b9b82e4e9298cb3f35b23e9) Importer(815301076,1909f56bfc062723c751e8b465ee728b)  -> (artifact id: '57b5a4878b118d4977051e8030d8de26') in 0.043874 seconds 
  Import took 0.062411 seconds .

========================================================================
Received Import Request.
  Time since last request: 32.743926 seconds.
  path: Assets/Creator Kit - FPS/Prefabs/Weapons/TheGun.prefab
  artifactKey: Guid(5aa396219b9b82e4e9298cb3f35b23e9) Importer(815301076,1909f56bfc062723c751e8b465ee728b)
Start importing Assets/Creator Kit - FPS/Prefabs/Weapons/TheGun.prefab using Guid(5aa396219b9b82e4e9298cb3f35b23e9) Importer(815301076,1909f56bfc062723c751e8b465ee728b)  -> (artifact id: 'b8638c95d408ef64d0d0c38130769cd6') in 0.036766 seconds 
  Import took 0.040662 seconds .

========================================================================
Received Prepare
Registering precompiled user dll's ...
Registered in 0.003047 seconds.
Begin MonoManager ReloadAssembly
Native extension for WindowsStandalone target not found
Refreshing native plugins compatible for Editor in 0.52 ms, found 2 plugins.
Preloading 0 native plugins for Editor in 0.00 ms.
Mono: successfully reloaded assembly
- Completed reload, in  0.827 seconds
Platform modules already initialized, skipping
Refreshing native plugins compatible for Editor in 0.52 ms, found 2 plugins.
Preloading 0 native plugins for Editor in 0.00 ms.
Unloading 1824 Unused Serialized files (Serialized files now loaded: 0)
System memory in use before: 174.1 MB.
System memory in use after: 174.2 MB.

Unloading 33 unused Assets to reduce memory usage. Loaded Objects now: 2324.
Total: 1.999300 ms (FindLiveObjects: 0.161600 ms CreateObjectMapping: 0.048700 ms MarkObjects: 1.767300 ms  DeleteObjects: 0.020700 ms)

AssetImportParameters requested are different than current active one (requested -> active):
  custom:framework-win-MediaFoundation: 216162199b28c13a410421893ffa2e32 -> 
  custom:video-decoder-ogg-theora: a1e56fd34408186e4bbccfd4996cb3dc -> 
  custom:container-muxer-webm: aa71ff27fc2769a1b78a27578f13a17b -> 
  custom:container-demuxer-webm: 4f35f7cbe854078d1ac9338744f61a02 -> 
  custom:container-demuxer-ogg: 62fdf1f143b41e24485cea50d1cbac27 -> 
  custom:video-encoder-webm-vp8: eb34c28f22e8b96e1ab97ce403110664 -> 
  custom:video-decoder-webm-vp8: 9c59270c3fd7afecdb556c50c9e8de78 -> 
  custom:audio-decoder-ogg-vorbis: bf7c407c2cedff20999df2af8eb42d56 -> 
  custom:audio-encoder-webm-vorbis: bf7c407c2cedff20999df2af8eb42d56 -> 
========================================================================
Received Prepare
Registering precompiled user dll's ...
Registered in 0.003040 seconds.
Begin MonoManager ReloadAssembly
Native extension for WindowsStandalone target not found
Refreshing native plugins compatible for Editor in 0.52 ms, found 2 plugins.
Preloading 0 native plugins for Editor in 0.00 ms.
Mono: successfully reloaded assembly
- Completed reload, in  0.817 seconds
Platform modules already initialized, skipping
Refreshing native plugins compatible for Editor in 0.52 ms, found 2 plugins.
Preloading 0 native plugins for Editor in 0.00 ms.
Unloading 1824 Unused Serialized files (Serialized files now loaded: 0)
System memory in use before: 174.1 MB.
System memory in use after: 174.2 MB.

Unloading 33 unused Assets to reduce memory usage. Loaded Objects now: 2327.
Total: 2.244000 ms (FindLiveObjects: 0.175600 ms CreateObjectMapping: 0.056600 ms MarkObjects: 1.988400 ms  DeleteObjects: 0.022200 ms)

AssetImportParameters requested are different than current active one (requested -> active):
  custom:framework-win-MediaFoundation: 216162199b28c13a410421893ffa2e32 -> 
  custom:video-decoder-ogg-theora: a1e56fd34408186e4bbccfd4996cb3dc -> 
  custom:container-muxer-webm: aa71ff27fc2769a1b78a27578f13a17b -> 
  custom:container-demuxer-webm: 4f35f7cbe854078d1ac9338744f61a02 -> 
  custom:container-demuxer-ogg: 62fdf1f143b41e24485cea50d1cbac27 -> 
  custom:video-encoder-webm-vp8: eb34c28f22e8b96e1ab97ce403110664 -> 
  custom:video-decoder-webm-vp8: 9c59270c3fd7afecdb556c50c9e8de78 -> 
  custom:audio-decoder-ogg-vorbis: bf7c407c2cedff20999df2af8eb42d56 -> 
  custom:audio-encoder-webm-vorbis: bf7c407c2cedff20999df2af8eb42d56 -> 
AssetImportWorkerClient::OnTransportError - code=2 error=End of file
