Using pre-set license
Built from '2021.3/staging' branch; Version is '2021.3.4f1 (cb45f9cae8b7) revision 13321721'; Using compiler version '192829333'; Build Type 'Release'
OS: 'Windows 10  (10.0.19044) 64bit Professional' Language: 'en' Physical Memory: 8123 MB
BatchMode: 1, IsHumanControllingUs: 0, StartBugReporterOnCrash: 0, Is64bit: 1, IsPro: 1

COMMAND LINE ARGUMENTS:
C:\Program Files\Unity\Hub\Editor\2021.3.4f1\Editor\Unity.exe
-adb2
-batchMode
-noUpm
-name
AssetImportWorker2
-projectPath
D:/UnityProjects/UnityTutorial_VRBeginner_EscapeRoom
-logFile
Logs/AssetImportWorker2.log
-srvPort
53941
Successfully changed project path to: D:/UnityProjects/UnityTutorial_VRBeginner_EscapeRoom
D:/UnityProjects/UnityTutorial_VRBeginner_EscapeRoom
[UnityMemory] Configuration Parameters - Can be set up in boot.config
    "memorysetup-bucket-allocator-granularity=16"
    "memorysetup-bucket-allocator-bucket-count=8"
    "memorysetup-bucket-allocator-block-size=33554432"
    "memorysetup-bucket-allocator-block-count=8"
    "memorysetup-main-allocator-block-size=16777216"
    "memorysetup-thread-allocator-block-size=16777216"
    "memorysetup-gfx-main-allocator-block-size=16777216"
    "memorysetup-gfx-thread-allocator-block-size=16777216"
    "memorysetup-cache-allocator-block-size=4194304"
    "memorysetup-typetree-allocator-block-size=2097152"
    "memorysetup-profiler-bucket-allocator-granularity=16"
    "memorysetup-profiler-bucket-allocator-bucket-count=8"
    "memorysetup-profiler-bucket-allocator-block-size=33554432"
    "memorysetup-profiler-bucket-allocator-block-count=8"
    "memorysetup-profiler-allocator-block-size=16777216"
    "memorysetup-profiler-editor-allocator-block-size=1048576"
    "memorysetup-temp-allocator-size-main=16777216"
    "memorysetup-job-temp-allocator-block-size=2097152"
    "memorysetup-job-temp-allocator-block-size-background=1048576"
    "memorysetup-job-temp-allocator-reduction-small-platforms=262144"
    "memorysetup-temp-allocator-size-background-worker=32768"
    "memorysetup-temp-allocator-size-job-worker=262144"
    "memorysetup-temp-allocator-size-preload-manager=33554432"
    "memorysetup-temp-allocator-size-nav-mesh-worker=65536"
    "memorysetup-temp-allocator-size-audio-worker=65536"
    "memorysetup-temp-allocator-size-cloud-worker=32768"
    "memorysetup-temp-allocator-size-gi-baking-worker=262144"
    "memorysetup-temp-allocator-size-gfx=262144"
Refreshing native plugins compatible for Editor in 65.34 ms, found 5 plugins.
Preloading 1 native plugins for Editor in 0.89 ms.
Initialize engine version: 2021.3.4f1 (cb45f9cae8b7)
[Subsystems] Discovering subsystems at path C:/Program Files/Unity/Hub/Editor/2021.3.4f1/Editor/Data/Resources/UnitySubsystems
[Subsystems] Discovering subsystems at path D:/UnityProjects/UnityTutorial_VRBeginner_EscapeRoom/Assets
GfxDevice: creating device client; threaded=0; jobified=0
Direct3D:
    Version:  Direct3D 11.0 [level 11.1]
    Renderer: NVIDIA GeForce RTX 2070 (ID=0x1f02)
    Vendor:   NVIDIA
    VRAM:     8031 MB
    Driver:   27.21.14.5751
Initialize mono
Mono path[0] = 'C:/Program Files/Unity/Hub/Editor/2021.3.4f1/Editor/Data/Managed'
Mono path[1] = 'C:/Program Files/Unity/Hub/Editor/2021.3.4f1/Editor/Data/MonoBleedingEdge/lib/mono/unityjit-win32'
Mono config path = 'C:/Program Files/Unity/Hub/Editor/2021.3.4f1/Editor/Data/MonoBleedingEdge/etc'
Using monoOptions --debugger-agent=transport=dt_socket,embedding=1,server=y,suspend=n,address=127.0.0.1:56152
Begin MonoManager ReloadAssembly
Registering precompiled unity dll's ...
Register platform support module: C:/Program Files/Unity/Hub/Editor/2021.3.4f1/Editor/Data/PlaybackEngines/AndroidPlayer/UnityEditor.Android.Extensions.dll
Register platform support module: C:/Program Files/Unity/Hub/Editor/2021.3.4f1/Editor/Data/PlaybackEngines/WindowsStandaloneSupport/UnityEditor.WindowsStandalone.Extensions.dll
Registered in 0.008228 seconds.
Native extension for WindowsStandalone target not found
Native extension for Android target not found
Refreshing native plugins compatible for Editor in 59.16 ms, found 5 plugins.
Preloading 1 native plugins for Editor in 0.19 ms.
Mono: successfully reloaded assembly
- Completed reload, in  0.573 seconds
Domain Reload Profiling:
	ReloadAssembly (574ms)
		BeginReloadAssembly (67ms)
			ExecutionOrderSort (0ms)
			DisableScriptedObjects (0ms)
			BackupInstance (0ms)
			ReleaseScriptingObjects (0ms)
			CreateAndSetChildDomain (1ms)
		EndReloadAssembly (403ms)
			LoadAssemblies (66ms)
			RebuildTransferFunctionScriptingTraits (0ms)
			SetupTypeCache (99ms)
			ReleaseScriptCaches (0ms)
			RebuildScriptCaches (24ms)
			SetupLoadedEditorAssemblies (234ms)
				LogAssemblyErrors (0ms)
				InitializePlatformSupportModulesInManaged (51ms)
				SetLoadedEditorAssemblies (0ms)
				RefreshPlugins (59ms)
				BeforeProcessingInitializeOnLoad (1ms)
				ProcessInitializeOnLoadAttributes (83ms)
				ProcessInitializeOnLoadMethodAttributes (39ms)
				AfterProcessingInitializeOnLoad (0ms)
				EditorAssembliesLoaded (0ms)
			ExecutionOrderSort2 (0ms)
			AwakeInstancesAfterBackupRestoration (0ms)
Platform modules already initialized, skipping
Registering precompiled user dll's ...
Registered in 0.004147 seconds.
Android Extension - Scanning For ADB Devices 5491 ms
Begin MonoManager ReloadAssembly
Native extension for WindowsStandalone target not found
Native extension for Android target not found
Refreshing native plugins compatible for Editor in 72.44 ms, found 5 plugins.
Preloading 1 native plugins for Editor in 0.07 ms.
Package Manager log level set to [2]
System.Reflection.TargetInvocationException: Exception has been thrown by the target of an invocation. ---> System.NullReferenceException: Object reference not set to an instance of an object
  at Unity.XR.Oculus.OculusLoader.AssetPathToAbsolutePath (System.String assetPath) [0x00040] in D:\UnityProjects\UnityTutorial_VRBeginner_EscapeRoom\Library\PackageCache\com.unity.xr.oculus@3.0.1\Runtime\OculusLoader.cs:257 
  at Unity.XR.Oculus.OculusLoader.EditorLoadOVRPlugin () [0x0007b] in D:\UnityProjects\UnityTutorial_VRBeginner_EscapeRoom\Library\PackageCache\com.unity.xr.oculus@3.0.1\Runtime\OculusLoader.cs:242 
  at (wrapper managed-to-native) System.Reflection.RuntimeMethodInfo.InternalInvoke(System.Reflection.RuntimeMethodInfo,object,object[],System.Exception&)
  at System.Reflection.RuntimeMethodInfo.Invoke (System.Object obj, System.Reflection.BindingFlags invokeAttr, System.Reflection.Binder binder, System.Object[] parameters, System.Globalization.CultureInfo culture) [0x0006a] in <d4cde64232cf45659d86aafa597faa77>:0 
   --- End of inner exception stack trace ---
  at System.Reflection.RuntimeMethodInfo.Invoke (System.Object obj, System.Reflection.BindingFlags invokeAttr, System.Reflection.Binder binder, System.Object[] parameters, System.Globalization.CultureInfo culture) [0x00083] in <d4cde64232cf45659d86aafa597faa77>:0 
  at System.Reflection.MethodBase.Invoke (System.Object obj, System.Object[] parameters) [0x00000] in <d4cde64232cf45659d86aafa597faa77>:0 
  at UnityEditor.EditorAssemblies.ProcessInitializeOnLoadMethodAttributes () [0x000a5] in <36f62d8e760b48f7af5d32916f997ce1>:0 
UnityEngine.StackTraceUtility:ExtractStackTrace ()
UnityEngine.DebugLogHandler:LogFormat (UnityEngine.LogType,UnityEngine.Object,string,object[])
UnityEngine.Logger:Log (UnityEngine.LogType,object)
UnityEngine.Debug:LogError (object)
UnityEditor.EditorAssemblies:ProcessInitializeOnLoadMethodAttributes ()

Mono: successfully reloaded assembly
- Completed reload, in  2.050 seconds
Domain Reload Profiling:
	ReloadAssembly (2051ms)
		BeginReloadAssembly (106ms)
			ExecutionOrderSort (0ms)
			DisableScriptedObjects (5ms)
			BackupInstance (0ms)
			ReleaseScriptingObjects (0ms)
			CreateAndSetChildDomain (20ms)
		EndReloadAssembly (1755ms)
			LoadAssemblies (886ms)
			RebuildTransferFunctionScriptingTraits (0ms)
			SetupTypeCache (236ms)
			ReleaseScriptCaches (1ms)
			RebuildScriptCaches (76ms)
			SetupLoadedEditorAssemblies (519ms)
				LogAssemblyErrors (0ms)
				InitializePlatformSupportModulesInManaged (18ms)
				SetLoadedEditorAssemblies (0ms)
				RefreshPlugins (73ms)
				BeforeProcessingInitializeOnLoad (105ms)
				ProcessInitializeOnLoadAttributes (230ms)
				ProcessInitializeOnLoadMethodAttributes (85ms)
				AfterProcessingInitializeOnLoad (9ms)
				EditorAssembliesLoaded (0ms)
			ExecutionOrderSort2 (0ms)
			AwakeInstancesAfterBackupRestoration (5ms)
Platform modules already initialized, skipping
========================================================================
Worker process is ready to serve import requests
Launched and connected shader compiler UnityShaderCompiler.exe after 0.30 seconds
Refreshing native plugins compatible for Editor in 0.90 ms, found 5 plugins.
Preloading 1 native plugins for Editor in 0.05 ms.
Unloading 4265 Unused Serialized files (Serialized files now loaded: 0)
Unloading 32 unused Assets / (1.4 MB). Loaded Objects now: 4721.
Memory consumption went from 186.1 MB to 184.6 MB.
Total: 5.593700 ms (FindLiveObjects: 0.781000 ms CreateObjectMapping: 0.522300 ms MarkObjects: 3.632800 ms  DeleteObjects: 0.656600 ms)

AssetImportParameters requested are different than current active one (requested -> active):
  custom:video-decoder-ogg-theora: a1e56fd34408186e4bbccfd4996cb3dc -> 
  custom:container-muxer-webm: aa71ff27fc2769a1b78a27578f13a17b -> 
  custom:container-demuxer-webm: 4f35f7cbe854078d1ac9338744f61a02 -> 
  custom:video-encoder-webm-vp8: eb34c28f22e8b96e1ab97ce403110664 -> 
  custom:audio-encoder-webm-vorbis: bf7c407c2cedff20999df2af8eb42d56 -> 
  custom:framework-win-MediaFoundation: 216162199b28c13a410421893ffa2e32 -> 
  custom:container-demuxer-ogg: 62fdf1f143b41e24485cea50d1cbac27 -> 
  custom:video-decoder-webm-vp8: 9c59270c3fd7afecdb556c50c9e8de78 -> 
  custom:audio-decoder-ogg-vorbis: bf7c407c2cedff20999df2af8eb42d56 -> 
========================================================================
Received Import Request.
  Time since last request: 134506.730822 seconds.
  path: Assets/Readme.asset
  artifactKey: Guid(3ba1d07eed67b0049afc97a6f49a209a) Importer(815301076,1909f56bfc062723c751e8b465ee728b)
Start importing Assets/Readme.asset using Guid(3ba1d07eed67b0049afc97a6f49a209a) Importer(815301076,1909f56bfc062723c751e8b465ee728b)  -> (artifact id: 'd257bff1b9088ddc3ae1b3c37db474ec') in 0.095599 seconds 
========================================================================
Received Prepare
Registering precompiled user dll's ...
Registered in 0.004595 seconds.
Begin MonoManager ReloadAssembly
Native extension for WindowsStandalone target not found
Native extension for Android target not found
Refreshing native plugins compatible for Editor in 0.88 ms, found 5 plugins.
Preloading 1 native plugins for Editor in 0.06 ms.
System.Reflection.TargetInvocationException: Exception has been thrown by the target of an invocation. ---> System.NullReferenceException: Object reference not set to an instance of an object
  at Unity.XR.Oculus.OculusLoader.AssetPathToAbsolutePath (System.String assetPath) [0x00040] in D:\UnityProjects\UnityTutorial_VRBeginner_EscapeRoom\Library\PackageCache\com.unity.xr.oculus@3.0.1\Runtime\OculusLoader.cs:257 
  at Unity.XR.Oculus.OculusLoader.EditorLoadOVRPlugin () [0x0007b] in D:\UnityProjects\UnityTutorial_VRBeginner_EscapeRoom\Library\PackageCache\com.unity.xr.oculus@3.0.1\Runtime\OculusLoader.cs:242 
  at (wrapper managed-to-native) System.Reflection.RuntimeMethodInfo.InternalInvoke(System.Reflection.RuntimeMethodInfo,object,object[],System.Exception&)
  at System.Reflection.RuntimeMethodInfo.Invoke (System.Object obj, System.Reflection.BindingFlags invokeAttr, System.Reflection.Binder binder, System.Object[] parameters, System.Globalization.CultureInfo culture) [0x0006a] in <d4cde64232cf45659d86aafa597faa77>:0 
   --- End of inner exception stack trace ---
  at System.Reflection.RuntimeMethodInfo.Invoke (System.Object obj, System.Reflection.BindingFlags invokeAttr, System.Reflection.Binder binder, System.Object[] parameters, System.Globalization.CultureInfo culture) [0x00083] in <d4cde64232cf45659d86aafa597faa77>:0 
  at System.Reflection.MethodBase.Invoke (System.Object obj, System.Object[] parameters) [0x00000] in <d4cde64232cf45659d86aafa597faa77>:0 
  at UnityEditor.EditorAssemblies.ProcessInitializeOnLoadMethodAttributes () [0x000a5] in <36f62d8e760b48f7af5d32916f997ce1>:0 
UnityEngine.StackTraceUtility:ExtractStackTrace ()
UnityEngine.DebugLogHandler:LogFormat (UnityEngine.LogType,UnityEngine.Object,string,object[])
UnityEngine.Logger:Log (UnityEngine.LogType,object)
UnityEngine.Debug:LogError (object)
UnityEditor.EditorAssemblies:ProcessInitializeOnLoadMethodAttributes ()

Mono: successfully reloaded assembly
- Completed reload, in  1.053 seconds
Domain Reload Profiling:
	ReloadAssembly (1053ms)
		BeginReloadAssembly (123ms)
			ExecutionOrderSort (0ms)
			DisableScriptedObjects (4ms)
			BackupInstance (0ms)
			ReleaseScriptingObjects (0ms)
			CreateAndSetChildDomain (36ms)
		EndReloadAssembly (841ms)
			LoadAssemblies (84ms)
			RebuildTransferFunctionScriptingTraits (0ms)
			SetupTypeCache (239ms)
			ReleaseScriptCaches (2ms)
			RebuildScriptCaches (58ms)
			SetupLoadedEditorAssemblies (419ms)
				LogAssemblyErrors (0ms)
				InitializePlatformSupportModulesInManaged (20ms)
				SetLoadedEditorAssemblies (0ms)
				RefreshPlugins (1ms)
				BeforeProcessingInitializeOnLoad (77ms)
				ProcessInitializeOnLoadAttributes (226ms)
				ProcessInitializeOnLoadMethodAttributes (86ms)
				AfterProcessingInitializeOnLoad (9ms)
				EditorAssembliesLoaded (0ms)
			ExecutionOrderSort2 (0ms)
			AwakeInstancesAfterBackupRestoration (8ms)
Platform modules already initialized, skipping
Refreshing native plugins compatible for Editor in 2.27 ms, found 5 plugins.
Preloading 1 native plugins for Editor in 0.08 ms.
Unloading 4114 Unused Serialized files (Serialized files now loaded: 0)
Unloading 24 unused Assets / (1.4 MB). Loaded Objects now: 4725.
Memory consumption went from 176.6 MB to 175.1 MB.
Total: 5.660400 ms (FindLiveObjects: 0.521400 ms CreateObjectMapping: 0.449800 ms MarkObjects: 3.968100 ms  DeleteObjects: 0.719600 ms)

AssetImportParameters requested are different than current active one (requested -> active):
  custom:video-decoder-ogg-theora: a1e56fd34408186e4bbccfd4996cb3dc -> 
  custom:container-muxer-webm: aa71ff27fc2769a1b78a27578f13a17b -> 
  custom:container-demuxer-webm: 4f35f7cbe854078d1ac9338744f61a02 -> 
  custom:video-encoder-webm-vp8: eb34c28f22e8b96e1ab97ce403110664 -> 
  custom:audio-encoder-webm-vorbis: bf7c407c2cedff20999df2af8eb42d56 -> 
  custom:framework-win-MediaFoundation: 216162199b28c13a410421893ffa2e32 -> 
  custom:container-demuxer-ogg: 62fdf1f143b41e24485cea50d1cbac27 -> 
  custom:video-decoder-webm-vp8: 9c59270c3fd7afecdb556c50c9e8de78 -> 
  custom:audio-decoder-ogg-vorbis: bf7c407c2cedff20999df2af8eb42d56 -> 
========================================================================
Received Prepare
Registering precompiled user dll's ...
Registered in 0.003812 seconds.
Begin MonoManager ReloadAssembly
Native extension for WindowsStandalone target not found
Native extension for Android target not found
Refreshing native plugins compatible for Editor in 1.13 ms, found 5 plugins.
Preloading 1 native plugins for Editor in 0.13 ms.
System.Reflection.TargetInvocationException: Exception has been thrown by the target of an invocation. ---> System.NullReferenceException: Object reference not set to an instance of an object
  at Unity.XR.Oculus.OculusLoader.AssetPathToAbsolutePath (System.String assetPath) [0x00040] in D:\UnityProjects\UnityTutorial_VRBeginner_EscapeRoom\Library\PackageCache\com.unity.xr.oculus@3.0.1\Runtime\OculusLoader.cs:257 
  at Unity.XR.Oculus.OculusLoader.EditorLoadOVRPlugin () [0x0007b] in D:\UnityProjects\UnityTutorial_VRBeginner_EscapeRoom\Library\PackageCache\com.unity.xr.oculus@3.0.1\Runtime\OculusLoader.cs:242 
  at (wrapper managed-to-native) System.Reflection.RuntimeMethodInfo.InternalInvoke(System.Reflection.RuntimeMethodInfo,object,object[],System.Exception&)
  at System.Reflection.RuntimeMethodInfo.Invoke (System.Object obj, System.Reflection.BindingFlags invokeAttr, System.Reflection.Binder binder, System.Object[] parameters, System.Globalization.CultureInfo culture) [0x0006a] in <d4cde64232cf45659d86aafa597faa77>:0 
   --- End of inner exception stack trace ---
  at System.Reflection.RuntimeMethodInfo.Invoke (System.Object obj, System.Reflection.BindingFlags invokeAttr, System.Reflection.Binder binder, System.Object[] parameters, System.Globalization.CultureInfo culture) [0x00083] in <d4cde64232cf45659d86aafa597faa77>:0 
  at System.Reflection.MethodBase.Invoke (System.Object obj, System.Object[] parameters) [0x00000] in <d4cde64232cf45659d86aafa597faa77>:0 
  at UnityEditor.EditorAssemblies.ProcessInitializeOnLoadMethodAttributes () [0x000a5] in <36f62d8e760b48f7af5d32916f997ce1>:0 
UnityEngine.StackTraceUtility:ExtractStackTrace ()
UnityEngine.DebugLogHandler:LogFormat (UnityEngine.LogType,UnityEngine.Object,string,object[])
UnityEngine.Logger:Log (UnityEngine.LogType,object)
UnityEngine.Debug:LogError (object)
UnityEditor.EditorAssemblies:ProcessInitializeOnLoadMethodAttributes ()

Mono: successfully reloaded assembly
- Completed reload, in  1.239 seconds
Domain Reload Profiling:
	ReloadAssembly (1240ms)
		BeginReloadAssembly (154ms)
			ExecutionOrderSort (0ms)
			DisableScriptedObjects (6ms)
			BackupInstance (0ms)
			ReleaseScriptingObjects (0ms)
			CreateAndSetChildDomain (54ms)
		EndReloadAssembly (979ms)
			LoadAssemblies (91ms)
			RebuildTransferFunctionScriptingTraits (0ms)
			SetupTypeCache (272ms)
			ReleaseScriptCaches (2ms)
			RebuildScriptCaches (60ms)
			SetupLoadedEditorAssemblies (507ms)
				LogAssemblyErrors (0ms)
				InitializePlatformSupportModulesInManaged (22ms)
				SetLoadedEditorAssemblies (0ms)
				RefreshPlugins (1ms)
				BeforeProcessingInitializeOnLoad (90ms)
				ProcessInitializeOnLoadAttributes (270ms)
				ProcessInitializeOnLoadMethodAttributes (112ms)
				AfterProcessingInitializeOnLoad (10ms)
				EditorAssembliesLoaded (0ms)
			ExecutionOrderSort2 (0ms)
			AwakeInstancesAfterBackupRestoration (10ms)
Platform modules already initialized, skipping
Refreshing native plugins compatible for Editor in 2.76 ms, found 5 plugins.
Preloading 1 native plugins for Editor in 0.06 ms.
Unloading 4114 Unused Serialized files (Serialized files now loaded: 0)
Unloading 24 unused Assets / (1.4 MB). Loaded Objects now: 4729.
Memory consumption went from 176.6 MB to 175.1 MB.
Total: 3.518500 ms (FindLiveObjects: 0.333900 ms CreateObjectMapping: 0.193400 ms MarkObjects: 2.614400 ms  DeleteObjects: 0.375700 ms)

AssetImportParameters requested are different than current active one (requested -> active):
  custom:video-decoder-ogg-theora: a1e56fd34408186e4bbccfd4996cb3dc -> 
  custom:container-muxer-webm: aa71ff27fc2769a1b78a27578f13a17b -> 
  custom:container-demuxer-webm: 4f35f7cbe854078d1ac9338744f61a02 -> 
  custom:video-encoder-webm-vp8: eb34c28f22e8b96e1ab97ce403110664 -> 
  custom:audio-encoder-webm-vorbis: bf7c407c2cedff20999df2af8eb42d56 -> 
  custom:framework-win-MediaFoundation: 216162199b28c13a410421893ffa2e32 -> 
  custom:container-demuxer-ogg: 62fdf1f143b41e24485cea50d1cbac27 -> 
  custom:video-decoder-webm-vp8: 9c59270c3fd7afecdb556c50c9e8de78 -> 
  custom:audio-decoder-ogg-vorbis: bf7c407c2cedff20999df2af8eb42d56 -> 
========================================================================
Received Prepare
Registering precompiled user dll's ...
Registered in 0.004467 seconds.
Begin MonoManager ReloadAssembly
Native extension for WindowsStandalone target not found
Native extension for Android target not found
Refreshing native plugins compatible for Editor in 0.85 ms, found 5 plugins.
Preloading 1 native plugins for Editor in 0.07 ms.
System.Reflection.TargetInvocationException: Exception has been thrown by the target of an invocation. ---> System.NullReferenceException: Object reference not set to an instance of an object
  at Unity.XR.Oculus.OculusLoader.AssetPathToAbsolutePath (System.String assetPath) [0x00040] in D:\UnityProjects\UnityTutorial_VRBeginner_EscapeRoom\Library\PackageCache\com.unity.xr.oculus@3.0.1\Runtime\OculusLoader.cs:257 
  at Unity.XR.Oculus.OculusLoader.EditorLoadOVRPlugin () [0x0007b] in D:\UnityProjects\UnityTutorial_VRBeginner_EscapeRoom\Library\PackageCache\com.unity.xr.oculus@3.0.1\Runtime\OculusLoader.cs:242 
  at (wrapper managed-to-native) System.Reflection.RuntimeMethodInfo.InternalInvoke(System.Reflection.RuntimeMethodInfo,object,object[],System.Exception&)
  at System.Reflection.RuntimeMethodInfo.Invoke (System.Object obj, System.Reflection.BindingFlags invokeAttr, System.Reflection.Binder binder, System.Object[] parameters, System.Globalization.CultureInfo culture) [0x0006a] in <d4cde64232cf45659d86aafa597faa77>:0 
   --- End of inner exception stack trace ---
  at System.Reflection.RuntimeMethodInfo.Invoke (System.Object obj, System.Reflection.BindingFlags invokeAttr, System.Reflection.Binder binder, System.Object[] parameters, System.Globalization.CultureInfo culture) [0x00083] in <d4cde64232cf45659d86aafa597faa77>:0 
  at System.Reflection.MethodBase.Invoke (System.Object obj, System.Object[] parameters) [0x00000] in <d4cde64232cf45659d86aafa597faa77>:0 
  at UnityEditor.EditorAssemblies.ProcessInitializeOnLoadMethodAttributes () [0x000a5] in <36f62d8e760b48f7af5d32916f997ce1>:0 
UnityEngine.StackTraceUtility:ExtractStackTrace ()
UnityEngine.DebugLogHandler:LogFormat (UnityEngine.LogType,UnityEngine.Object,string,object[])
UnityEngine.Logger:Log (UnityEngine.LogType,object)
UnityEngine.Debug:LogError (object)
UnityEditor.EditorAssemblies:ProcessInitializeOnLoadMethodAttributes ()

Mono: successfully reloaded assembly
- Completed reload, in  1.149 seconds
Domain Reload Profiling:
	ReloadAssembly (1150ms)
		BeginReloadAssembly (126ms)
			ExecutionOrderSort (0ms)
			DisableScriptedObjects (5ms)
			BackupInstance (0ms)
			ReleaseScriptingObjects (0ms)
			CreateAndSetChildDomain (41ms)
		EndReloadAssembly (937ms)
			LoadAssemblies (77ms)
			RebuildTransferFunctionScriptingTraits (0ms)
			SetupTypeCache (258ms)
			ReleaseScriptCaches (2ms)
			RebuildScriptCaches (56ms)
			SetupLoadedEditorAssemblies (493ms)
				LogAssemblyErrors (0ms)
				InitializePlatformSupportModulesInManaged (20ms)
				SetLoadedEditorAssemblies (0ms)
				RefreshPlugins (1ms)
				BeforeProcessingInitializeOnLoad (82ms)
				ProcessInitializeOnLoadAttributes (269ms)
				ProcessInitializeOnLoadMethodAttributes (111ms)
				AfterProcessingInitializeOnLoad (10ms)
				EditorAssembliesLoaded (0ms)
			ExecutionOrderSort2 (0ms)
			AwakeInstancesAfterBackupRestoration (10ms)
Platform modules already initialized, skipping
Refreshing native plugins compatible for Editor in 2.03 ms, found 5 plugins.
Preloading 1 native plugins for Editor in 0.04 ms.
Unloading 4114 Unused Serialized files (Serialized files now loaded: 0)
Unloading 24 unused Assets / (1.4 MB). Loaded Objects now: 4733.
Memory consumption went from 176.6 MB to 175.2 MB.
Total: 5.679700 ms (FindLiveObjects: 0.501400 ms CreateObjectMapping: 0.455800 ms MarkObjects: 4.099500 ms  DeleteObjects: 0.621700 ms)

AssetImportParameters requested are different than current active one (requested -> active):
  custom:video-decoder-ogg-theora: a1e56fd34408186e4bbccfd4996cb3dc -> 
  custom:container-muxer-webm: aa71ff27fc2769a1b78a27578f13a17b -> 
  custom:container-demuxer-webm: 4f35f7cbe854078d1ac9338744f61a02 -> 
  custom:video-encoder-webm-vp8: eb34c28f22e8b96e1ab97ce403110664 -> 
  custom:audio-encoder-webm-vorbis: bf7c407c2cedff20999df2af8eb42d56 -> 
  custom:framework-win-MediaFoundation: 216162199b28c13a410421893ffa2e32 -> 
  custom:container-demuxer-ogg: 62fdf1f143b41e24485cea50d1cbac27 -> 
  custom:video-decoder-webm-vp8: 9c59270c3fd7afecdb556c50c9e8de78 -> 
  custom:audio-decoder-ogg-vorbis: bf7c407c2cedff20999df2af8eb42d56 -> 
========================================================================
Received Import Request.
  Time since last request: 3393.502597 seconds.
  path: Assets/VR Beginner/Prefabs/Tutorial/Objects/BubbleGun.prefab
  artifactKey: Guid(86f1e130be26d544cb16ee5ce13847c4) Importer(815301076,1909f56bfc062723c751e8b465ee728b)
Start importing Assets/VR Beginner/Prefabs/Tutorial/Objects/BubbleGun.prefab using Guid(86f1e130be26d544cb16ee5ce13847c4) Importer(815301076,1909f56bfc062723c751e8b465ee728b)  -> (artifact id: 'aabf2f70b72fe29c67f45df538395c58') in 3.960404 seconds 
========================================================================
Received Import Request.
  Time since last request: 410.068099 seconds.
  path: Assets/VR Beginner/Audio/FutzedBGMMarble.ogg
  artifactKey: Guid(2ac63100fedeaab429c0456b63297f09) Importer(815301076,1909f56bfc062723c751e8b465ee728b)
Start importing Assets/VR Beginner/Audio/FutzedBGMMarble.ogg using Guid(2ac63100fedeaab429c0456b63297f09) Importer(815301076,1909f56bfc062723c751e8b465ee728b)  -> (artifact id: '171521776e5c9c52fc030a59378f3b4f') in 0.113181 seconds 
========================================================================
Received Import Request.
  Time since last request: 0.000033 seconds.
  path: Assets/VR Beginner/Audio/SFXImpactHeavy04.ogg
  artifactKey: Guid(ef2663bec11889c428b2e990047067fc) Importer(815301076,1909f56bfc062723c751e8b465ee728b)
Start importing Assets/VR Beginner/Audio/SFXImpactHeavy04.ogg using Guid(ef2663bec11889c428b2e990047067fc) Importer(815301076,1909f56bfc062723c751e8b465ee728b)  -> (artifact id: '4fc5b120f1846a6fdc96a14ce1a419d4') in 0.030891 seconds 
========================================================================
Received Import Request.
  Time since last request: 0.000022 seconds.
  path: Assets/VR Beginner/Audio/SFXCauldronButton04.ogg
  artifactKey: Guid(2a611e09f0cdf184aa4ae24279f38efc) Importer(815301076,1909f56bfc062723c751e8b465ee728b)
Start importing Assets/VR Beginner/Audio/SFXCauldronButton04.ogg using Guid(2a611e09f0cdf184aa4ae24279f38efc) Importer(815301076,1909f56bfc062723c751e8b465ee728b)  -> (artifact id: '1c49eacdf7337606c1ac2b3495746ebe') in 0.020886 seconds 
========================================================================
Received Import Request.
  Time since last request: 0.000026 seconds.
  path: Assets/VR Beginner/Audio/FutzedBGMPixelRPG.ogg
  artifactKey: Guid(593010e70058e0641b1941b87f5c8ca1) Importer(815301076,1909f56bfc062723c751e8b465ee728b)
Start importing Assets/VR Beginner/Audio/FutzedBGMPixelRPG.ogg using Guid(593010e70058e0641b1941b87f5c8ca1) Importer(815301076,1909f56bfc062723c751e8b465ee728b)  -> (artifact id: 'c5ad8dd71de881063557c6911859c60c') in 0.017991 seconds 
========================================================================
Received Import Request.
  Time since last request: 0.000035 seconds.
  path: Assets/VR Beginner/Audio/SFXLiquidPourLoop.ogg
  artifactKey: Guid(3c60f683fe0f8d84c889fee74a95c765) Importer(815301076,1909f56bfc062723c751e8b465ee728b)
Start importing Assets/VR Beginner/Audio/SFXLiquidPourLoop.ogg using Guid(3c60f683fe0f8d84c889fee74a95c765) Importer(815301076,1909f56bfc062723c751e8b465ee728b)  -> (artifact id: '41d716bdeb1c9312d16c85cabdf51e2a') in 0.044796 seconds 
========================================================================
Received Import Request.
  Time since last request: 0.000023 seconds.
  path: Assets/VR Beginner/Audio/FutzedBMGFPS.ogg
  artifactKey: Guid(5995d3fe9ccbef142ac8bae30f7ab246) Importer(815301076,1909f56bfc062723c751e8b465ee728b)
Start importing Assets/VR Beginner/Audio/FutzedBMGFPS.ogg using Guid(5995d3fe9ccbef142ac8bae30f7ab246) Importer(815301076,1909f56bfc062723c751e8b465ee728b)  -> (artifact id: '55861ce7c73a1f424cc70f0d3a033c76') in 0.039442 seconds 
========================================================================
Received Import Request.
  Time since last request: 0.000030 seconds.
  path: Assets/VR Beginner/Audio/SFXCauldronButton07.ogg
  artifactKey: Guid(6f02926f2a7661d4997569714f60463f) Importer(815301076,1909f56bfc062723c751e8b465ee728b)
Start importing Assets/VR Beginner/Audio/SFXCauldronButton07.ogg using Guid(6f02926f2a7661d4997569714f60463f) Importer(815301076,1909f56bfc062723c751e8b465ee728b)  -> (artifact id: 'e3e3d52914b189b9b25b695055ded1ec') in 0.117499 seconds 
========================================================================
Received Import Request.
  Time since last request: 0.000046 seconds.
  path: Assets/VR Beginner/Audio/SFXGlassSmash02.wav
  artifactKey: Guid(f113d79bd6c0a7c40acedb2b7039bb04) Importer(815301076,1909f56bfc062723c751e8b465ee728b)
Start importing Assets/VR Beginner/Audio/SFXGlassSmash02.wav using Guid(f113d79bd6c0a7c40acedb2b7039bb04) Importer(815301076,1909f56bfc062723c751e8b465ee728b)  -> (artifact id: '235f4dc462f52f6b91de486491c18811') in 0.051797 seconds 
========================================================================
Received Import Request.
  Time since last request: 0.000031 seconds.
  path: Assets/VR Beginner/Audio/SFXWandShoot.ogg
  artifactKey: Guid(0f575de090648e14da0f7e385b64535b) Importer(815301076,1909f56bfc062723c751e8b465ee728b)
Start importing Assets/VR Beginner/Audio/SFXWandShoot.ogg using Guid(0f575de090648e14da0f7e385b64535b) Importer(815301076,1909f56bfc062723c751e8b465ee728b)  -> (artifact id: '69255ef7b20dabb36aa171792205cb61') in 0.049097 seconds 
========================================================================
Received Import Request.
  Time since last request: 0.000022 seconds.
  path: Assets/VR Beginner/Audio/SFXChestLid.ogg
  artifactKey: Guid(451e7faaa340f5341bd134a304098adc) Importer(815301076,1909f56bfc062723c751e8b465ee728b)
Start importing Assets/VR Beginner/Audio/SFXChestLid.ogg using Guid(451e7faaa340f5341bd134a304098adc) Importer(815301076,1909f56bfc062723c751e8b465ee728b)  -> (artifact id: '0ea89d24925012c1e3ad679dd99f3d9e') in 0.113381 seconds 
========================================================================
Received Import Request.
  Time since last request: 0.000025 seconds.
  path: Assets/VR Beginner/Audio/SFXGlassSmash01.wav
  artifactKey: Guid(c7108ea2363f3754bbe4bc1a7f3e6b04) Importer(815301076,1909f56bfc062723c751e8b465ee728b)
Start importing Assets/VR Beginner/Audio/SFXGlassSmash01.wav using Guid(c7108ea2363f3754bbe4bc1a7f3e6b04) Importer(815301076,1909f56bfc062723c751e8b465ee728b)  -> (artifact id: 'd7cac13bfe370e1b7f93e7fc58aff5c7') in 0.031895 seconds 
========================================================================
Received Import Request.
  Time since last request: 0.000024 seconds.
  path: Assets/VR Beginner/Audio/SFXDoorOpen.ogg
  artifactKey: Guid(6078a4cd878c2364c91458e02ea0da26) Importer(815301076,1909f56bfc062723c751e8b465ee728b)
Start importing Assets/VR Beginner/Audio/SFXDoorOpen.ogg using Guid(6078a4cd878c2364c91458e02ea0da26) Importer(815301076,1909f56bfc062723c751e8b465ee728b)  -> (artifact id: '08c754eff86a69d30bc3275540b3dfe1') in 0.132888 seconds 
========================================================================
Received Import Request.
  Time since last request: 0.000048 seconds.
  path: Assets/VR Beginner/Audio/SFXCauldronButton01.ogg
  artifactKey: Guid(dde83f12004999e42a761ddfe8b6e5fd) Importer(815301076,1909f56bfc062723c751e8b465ee728b)
Start importing Assets/VR Beginner/Audio/SFXCauldronButton01.ogg using Guid(dde83f12004999e42a761ddfe8b6e5fd) Importer(815301076,1909f56bfc062723c751e8b465ee728b)  -> (artifact id: 'd08832acd2c81bfa2978a22595e20fc3') in 0.282099 seconds 
========================================================================
Received Import Request.
  Time since last request: 0.000030 seconds.
  path: Assets/VR Beginner/Audio/SFXDrawerLoopExperimental.ogg
  artifactKey: Guid(ab32a067930a9a544b7d83d1641396f8) Importer(815301076,1909f56bfc062723c751e8b465ee728b)
Start importing Assets/VR Beginner/Audio/SFXDrawerLoopExperimental.ogg using Guid(ab32a067930a9a544b7d83d1641396f8) Importer(815301076,1909f56bfc062723c751e8b465ee728b)  -> (artifact id: 'ddb3ac5e389a61cca7630a3b821ca920') in 0.042725 seconds 
========================================================================
Received Import Request.
  Time since last request: 0.000037 seconds.
  path: Assets/VR Beginner/Audio/SFXImpactDrawer02.ogg
  artifactKey: Guid(5ab86be4873fb2b48bf32cd4c98a8633) Importer(815301076,1909f56bfc062723c751e8b465ee728b)
Start importing Assets/VR Beginner/Audio/SFXImpactDrawer02.ogg using Guid(5ab86be4873fb2b48bf32cd4c98a8633) Importer(815301076,1909f56bfc062723c751e8b465ee728b)  -> (artifact id: '3c4cb32043a5c3bd955bb16c58bfcfe8') in 0.023647 seconds 
========================================================================
Received Import Request.
  Time since last request: 0.000031 seconds.
  path: Assets/VR Beginner/Audio/SFXKeyDrop02.wav
  artifactKey: Guid(f3911c4c25860e0479c9834b1b29d1c6) Importer(815301076,1909f56bfc062723c751e8b465ee728b)
Start importing Assets/VR Beginner/Audio/SFXKeyDrop02.wav using Guid(f3911c4c25860e0479c9834b1b29d1c6) Importer(815301076,1909f56bfc062723c751e8b465ee728b)  -> (artifact id: '158859cf1440fd4646a5299f33e07cfe') in 0.038498 seconds 
========================================================================
Received Import Request.
  Time since last request: 0.000038 seconds.
  path: Assets/VR Beginner/Audio/SFXCauldronButton02.ogg
  artifactKey: Guid(3785bef4b4d8bf74bb630d40dbf376a6) Importer(815301076,1909f56bfc062723c751e8b465ee728b)
Start importing Assets/VR Beginner/Audio/SFXCauldronButton02.ogg using Guid(3785bef4b4d8bf74bb630d40dbf376a6) Importer(815301076,1909f56bfc062723c751e8b465ee728b)  -> (artifact id: 'd93ccc52129e5eb5c8c70d76bf6d1d07') in 0.034319 seconds 
========================================================================
Received Import Request.
  Time since last request: 0.000041 seconds.
  path: Assets/VR Beginner/Audio/SFXWandTwinkleLoop_Tuneful.wav
  artifactKey: Guid(18f606970e9857d468acb536d4756272) Importer(815301076,1909f56bfc062723c751e8b465ee728b)
Start importing Assets/VR Beginner/Audio/SFXWandTwinkleLoop_Tuneful.wav using Guid(18f606970e9857d468acb536d4756272) Importer(815301076,1909f56bfc062723c751e8b465ee728b)  -> (artifact id: '1aee3aef3196a6a065a8e5f3d4d08da2') in 0.037169 seconds 
========================================================================
Received Import Request.
  Time since last request: 0.000028 seconds.
  path: Assets/VR Beginner/Audio/SFXCauldronButton06.ogg
  artifactKey: Guid(8ed980f6e06d512428418716cf0ba79a) Importer(815301076,1909f56bfc062723c751e8b465ee728b)
Start importing Assets/VR Beginner/Audio/SFXCauldronButton06.ogg using Guid(8ed980f6e06d512428418716cf0ba79a) Importer(815301076,1909f56bfc062723c751e8b465ee728b)  -> (artifact id: 'edc34724da8b905ad1624a81dc80c119') in 0.017279 seconds 
========================================================================
Received Import Request.
  Time since last request: 0.000026 seconds.
  path: Assets/VR Beginner/Audio/SFXImpactLog03.ogg
  artifactKey: Guid(791539fbf0218d74584f4ed16c1e82af) Importer(815301076,1909f56bfc062723c751e8b465ee728b)
Start importing Assets/VR Beginner/Audio/SFXImpactLog03.ogg using Guid(791539fbf0218d74584f4ed16c1e82af) Importer(815301076,1909f56bfc062723c751e8b465ee728b)  -> (artifact id: '4c2659c0d82a163a9fd8e949598c824f') in 0.018906 seconds 
========================================================================
Received Import Request.
  Time since last request: 0.000054 seconds.
  path: Assets/VR Beginner/Audio/SFXKeyDrop.wav
  artifactKey: Guid(90e446b109c1ec24c9287706dc4b4a70) Importer(815301076,1909f56bfc062723c751e8b465ee728b)
Start importing Assets/VR Beginner/Audio/SFXKeyDrop.wav using Guid(90e446b109c1ec24c9287706dc4b4a70) Importer(815301076,1909f56bfc062723c751e8b465ee728b)  -> (artifact id: '643a900cee9b2a672803b75bd254f7db') in 0.024101 seconds 
========================================================================
Received Import Request.
  Time since last request: 0.000036 seconds.
  path: Assets/VR Beginner/Audio/SFXAtmos.ogg
  artifactKey: Guid(258ec0352c1e835408b182b35f359e47) Importer(815301076,1909f56bfc062723c751e8b465ee728b)
Start importing Assets/VR Beginner/Audio/SFXAtmos.ogg using Guid(258ec0352c1e835408b182b35f359e47) Importer(815301076,1909f56bfc062723c751e8b465ee728b)  -> (artifact id: '8d275a09fd72308bfc677f0c19c9950e') in 0.031449 seconds 
========================================================================
Received Import Request.
  Time since last request: 0.000023 seconds.
  path: Assets/VR Beginner/Audio/SFXDoorClosed.ogg
  artifactKey: Guid(ff0fbfed0f2fd2f47bc4dd8cd489f200) Importer(815301076,1909f56bfc062723c751e8b465ee728b)
Start importing Assets/VR Beginner/Audio/SFXDoorClosed.ogg using Guid(ff0fbfed0f2fd2f47bc4dd8cd489f200) Importer(815301076,1909f56bfc062723c751e8b465ee728b)  -> (artifact id: '36ba00e678d8d9df2e152eea6c43c1dd') in 0.025328 seconds 
========================================================================
Received Import Request.
  Time since last request: 0.000029 seconds.
  path: Assets/VR Beginner/Audio/SFXImpactSoft04.ogg
  artifactKey: Guid(265b976ddc682714d9a91ef26e3a56a8) Importer(815301076,1909f56bfc062723c751e8b465ee728b)
Start importing Assets/VR Beginner/Audio/SFXImpactSoft04.ogg using Guid(265b976ddc682714d9a91ef26e3a56a8) Importer(815301076,1909f56bfc062723c751e8b465ee728b)  -> (artifact id: 'b21560fae8c212b8d99028dace8a72f8') in 0.043915 seconds 
========================================================================
Received Import Request.
  Time since last request: 0.000041 seconds.
  path: Assets/VR Beginner/Audio/SFXCauldronBrew.ogg
  artifactKey: Guid(cc18a2c840bc944498125cc8e5d1ddb1) Importer(815301076,1909f56bfc062723c751e8b465ee728b)
Start importing Assets/VR Beginner/Audio/SFXCauldronBrew.ogg using Guid(cc18a2c840bc944498125cc8e5d1ddb1) Importer(815301076,1909f56bfc062723c751e8b465ee728b)  -> (artifact id: 'cd70d6303802966c8108cfc73e1b1308') in 0.023652 seconds 
========================================================================
Received Import Request.
  Time since last request: 0.000048 seconds.
  path: Assets/VR Beginner/Audio/SFXCauldronCreak02.ogg
  artifactKey: Guid(23d995a9ff50d1e4e96cee0d9e578811) Importer(815301076,1909f56bfc062723c751e8b465ee728b)
Start importing Assets/VR Beginner/Audio/SFXCauldronCreak02.ogg using Guid(23d995a9ff50d1e4e96cee0d9e578811) Importer(815301076,1909f56bfc062723c751e8b465ee728b)  -> (artifact id: '533ebae49a5edc9ac4c51a192475a8c9') in 0.030690 seconds 
========================================================================
Received Import Request.
  Time since last request: 0.000037 seconds.
  path: Assets/VR Beginner/Audio/SFXPotionReady.ogg
  artifactKey: Guid(a5438be1d96979f49a91644905e54479) Importer(815301076,1909f56bfc062723c751e8b465ee728b)
Start importing Assets/VR Beginner/Audio/SFXPotionReady.ogg using Guid(a5438be1d96979f49a91644905e54479) Importer(815301076,1909f56bfc062723c751e8b465ee728b)  -> (artifact id: '16bb6c0670298a0cf33d9cca1503f5a6') in 0.033044 seconds 
========================================================================
Received Import Request.
  Time since last request: 0.000030 seconds.
  path: Assets/VR Beginner/Audio/SFXFireFlare.ogg
  artifactKey: Guid(ef7745ffc6ddb304fbe9359f0386220e) Importer(815301076,1909f56bfc062723c751e8b465ee728b)
Start importing Assets/VR Beginner/Audio/SFXFireFlare.ogg using Guid(ef7745ffc6ddb304fbe9359f0386220e) Importer(815301076,1909f56bfc062723c751e8b465ee728b)  -> (artifact id: '1ab9d065175975f3e20b3e1fd87f93d2') in 0.021199 seconds 
========================================================================
Received Import Request.
  Time since last request: 0.000034 seconds.
  path: Assets/VR Beginner/Audio/SFXImpactLog02.ogg
  artifactKey: Guid(9149f8e7e15cde44c8442820cae0c004) Importer(815301076,1909f56bfc062723c751e8b465ee728b)
Start importing Assets/VR Beginner/Audio/SFXImpactLog02.ogg using Guid(9149f8e7e15cde44c8442820cae0c004) Importer(815301076,1909f56bfc062723c751e8b465ee728b)  -> (artifact id: '6f50981e5bc8cdab8a9c8d7f281a70fc') in 0.039520 seconds 
========================================================================
Received Import Request.
  Time since last request: 0.000024 seconds.
  path: Assets/VR Beginner/Audio/SFXImpactBooks02.ogg
  artifactKey: Guid(a7cd600e47c255946a3597a75b184727) Importer(815301076,1909f56bfc062723c751e8b465ee728b)
Start importing Assets/VR Beginner/Audio/SFXImpactBooks02.ogg using Guid(a7cd600e47c255946a3597a75b184727) Importer(815301076,1909f56bfc062723c751e8b465ee728b)  -> (artifact id: '89b38d88a0fe666a1ea5eb2f3bbe1d89') in 0.036802 seconds 
========================================================================
Received Import Request.
  Time since last request: 0.000030 seconds.
  path: Assets/VR Beginner/Audio/SFXCauldronButton05.ogg
  artifactKey: Guid(21e7f6427ab3ec64d94c1960eeb1f810) Importer(815301076,1909f56bfc062723c751e8b465ee728b)
Start importing Assets/VR Beginner/Audio/SFXCauldronButton05.ogg using Guid(21e7f6427ab3ec64d94c1960eeb1f810) Importer(815301076,1909f56bfc062723c751e8b465ee728b)  -> (artifact id: 'f61072c63556bf9b7bee88c386717009') in 0.045392 seconds 
========================================================================
Received Import Request.
  Time since last request: 0.000054 seconds.
  path: Assets/VR Beginner/Audio/SFXImpactHeavy03.ogg
  artifactKey: Guid(6cc51a4bbc69b8146b6170eb6efeae2e) Importer(815301076,1909f56bfc062723c751e8b465ee728b)
Start importing Assets/VR Beginner/Audio/SFXImpactHeavy03.ogg using Guid(6cc51a4bbc69b8146b6170eb6efeae2e) Importer(815301076,1909f56bfc062723c751e8b465ee728b)  -> (artifact id: '8470c02dfe150156b19fbb2019576c37') in 0.038359 seconds 
========================================================================
Received Import Request.
  Time since last request: 0.000041 seconds.
  path: Assets/VR Beginner/Audio/SFXBookOpens.ogg
  artifactKey: Guid(f3970f254a8e7774db3f46c61e95c151) Importer(815301076,1909f56bfc062723c751e8b465ee728b)
Start importing Assets/VR Beginner/Audio/SFXBookOpens.ogg using Guid(f3970f254a8e7774db3f46c61e95c151) Importer(815301076,1909f56bfc062723c751e8b465ee728b)  -> (artifact id: '25e6bfccdba098bbc44a6a62b4c4b731') in 0.017883 seconds 
========================================================================
Received Import Request.
  Time since last request: 0.000026 seconds.
  path: Assets/VR Beginner/Audio/SFXCauldronBubbles01.wav
  artifactKey: Guid(986c52d55247fea4ab08fa9456e96e0f) Importer(815301076,1909f56bfc062723c751e8b465ee728b)
Start importing Assets/VR Beginner/Audio/SFXCauldronBubbles01.wav using Guid(986c52d55247fea4ab08fa9456e96e0f) Importer(815301076,1909f56bfc062723c751e8b465ee728b)  -> (artifact id: '498d5c8faf3d2c71e2ddea2a5a0eaa2c') in 0.019801 seconds 
Editor requested this worker to shutdown with reason: Scaling down because of idle timeout
AssetImportWorker is now disconnected from the server
Process exiting
Exiting without the bug reporter. Application will terminate with return code 0